<?xml version="1.0" encoding="UTF-8"?>
<testsuite xmlns:xsi="http://www.w3.org/2001/XMLSchema-instance" xsi:noNamespaceSchemaLocation="https://maven.apache.org/surefire/maven-surefire-plugin/xsd/surefire-test-report-3.0.xsd" version="3.0" name="cr.libre.firmador.backend.service.DocumentServiceTest" time="0.363" tests="6" errors="0" skipped="0" failures="0">
  <properties>
[...]
</properties>
  <testcase name="moveToNextStepMarksDocumentCompletedWhenNoMoreSteps" classname="cr.libre.firmador.backend.service.DocumentServiceTest" time="0.323"/>
  <testcase name="getDocumentThrowsWhenUserCannotView" classname="cr.libre.firmador.backend.service.DocumentServiceTest" time="0.004"/>
  <testcase name="moveToNextStepAdvancesAndAssignsNextSigner" classname="cr.libre.firmador.backend.service.DocumentServiceTest" time="0.005"/>
  <testcase name="getDocumentContentDelegatesToStorageService" classname="cr.libre.firmador.backend.service.DocumentServiceTest" time="0.004"/>
  <testcase name="createDocumentUploadsAndAssignsFirstSigner" classname="cr.libre.firmador.backend.service.DocumentServiceTest" time="0.014"/>
  <testcase name="getPendingDocumentsReturnsMappedDtos" classname="cr.libre.firmador.backend.service.DocumentServiceTest" time="0.003"/>
</testsuite>